11:19:40  [main] 	Initializing Control Panel
11:19:40  [main] 	Windows Version:  Enterprise  64-bit
11:19:40  [main] 	XAMPP Version: 7.4.11
11:19:40  [main] 	Control Panel Version: 3.2.4  [ Compiled: Jun 5th 2019 ]
11:19:40  [main] 	You are not running with administrator rights! This will work for
11:19:40  [main] 	most application stuff but whenever you do something with services
11:19:40  [main] 	there will be a security dialogue or things will break! So think 
11:19:40  [main] 	about running this application with administrator rights!
11:19:40  [main] 	XAMPP Installation Directory: "c:\xampp\"
11:19:40  [main] 	Checking for prerequisites
11:19:41  [main] 	All prerequisites found
11:19:41  [main] 	Initializing Modules
11:19:41  [main] 	Starting Check-Timer
11:19:41  [main] 	Control Panel Ready
11:19:44  [Apache] 	Attempting to start Apache app...
11:19:45  [Apache] 	Status change detected: running
11:19:46  [mysql] 	Attempting to start MySQL app...
11:19:46  [mysql] 	Status change detected: running
11:28:32  [main] 	Deinitializing Modules
11:28:32  [main] 	Deinitializing Control Panel

10:28:39  [main] 	Initializing Control Panel
10:28:39  [main] 	Windows Version:  Enterprise  64-bit
10:28:39  [main] 	XAMPP Version: 7.4.11
10:28:39  [main] 	Control Panel Version: 3.2.4  [ Compiled: Jun 5th 2019 ]
10:28:39  [main] 	You are not running with administrator rights! This will work for
10:28:39  [main] 	most application stuff but whenever you do something with services
10:28:39  [main] 	there will be a security dialogue or things will break! So think 
10:28:39  [main] 	about running this application with administrator rights!
10:28:39  [main] 	XAMPP Installation Directory: "c:\xampp\"
10:28:39  [main] 	Checking for prerequisites
10:28:41  [main] 	All prerequisites found
10:28:41  [main] 	Initializing Modules
10:28:41  [Apache] 	XAMPP Apache is already running on port 80
10:28:41  [Apache] 	XAMPP Apache is already running on port 443
10:28:41  [mysql] 	XAMPP MySQL is already running on port 3306
10:28:41  [main] 	Starting Check-Timer
10:28:41  [main] 	Control Panel Ready
21:51:58  [main] 	Deinitializing Modules
21:51:58  [main] 	Deinitializing Control Panel

10:36:03  [main] 	Initializing Control Panel
10:36:03  [main] 	Windows Version:  Enterprise  64-bit
10:36:03  [main] 	XAMPP Version: 7.4.11
10:36:03  [main] 	Control Panel Version: 3.2.4  [ Compiled: Jun 5th 2019 ]
10:36:03  [main] 	You are not running with administrator rights! This will work for
10:36:03  [main] 	most application stuff but whenever you do something with services
10:36:03  [main] 	there will be a security dialogue or things will break! So think 
10:36:03  [main] 	about running this application with administrator rights!
10:36:03  [main] 	XAMPP Installation Directory: "c:\xampp\"
10:36:03  [main] 	Checking for prerequisites
10:36:05  [main] 	All prerequisites found
10:36:05  [main] 	Initializing Modules
10:36:05  [main] 	Starting Check-Timer
10:36:05  [main] 	Control Panel Ready
10:36:08  [Apache] 	Attempting to start Apache app...
10:36:08  [Apache] 	Status change detected: running
10:36:10  [mysql] 	Attempting to start MySQL app...
10:36:10  [mysql] 	Status change detected: running
11:05:41  [main] 	Deinitializing Modules
11:05:41  [main] 	Deinitializing Control Panel

11:23:59  [main] 	Initializing Control Panel
11:23:59  [main] 	Windows Version:  Enterprise  64-bit
11:23:59  [main] 	XAMPP Version: 7.4.11
11:23:59  [main] 	Control Panel Version: 3.2.4  [ Compiled: Jun 5th 2019 ]
11:23:59  [main] 	You are not running with administrator rights! This will work for
11:23:59  [main] 	most application stuff but whenever you do something with services
11:23:59  [main] 	there will be a security dialogue or things will break! So think 
11:23:59  [main] 	about running this application with administrator rights!
11:23:59  [main] 	XAMPP Installation Directory: "c:\xampp\"
11:23:59  [main] 	Checking for prerequisites
11:24:01  [main] 	All prerequisites found
11:24:01  [main] 	Initializing Modules
11:24:01  [main] 	Starting Check-Timer
11:24:01  [main] 	Control Panel Ready
11:24:04  [Apache] 	Attempting to start Apache app...
11:24:04  [Apache] 	Status change detected: running
11:24:05  [mysql] 	Attempting to start MySQL app...
11:24:05  [mysql] 	Status change detected: running
14:20:33  [main] 	Deinitializing Modules
14:20:33  [main] 	Deinitializing Control Panel

17:47:20  [main] 	Initializing Control Panel
17:47:20  [main] 	Windows Version:  Enterprise  64-bit
17:47:20  [main] 	XAMPP Version: 7.4.11
17:47:20  [main] 	Control Panel Version: 3.2.4  [ Compiled: Jun 5th 2019 ]
17:47:20  [main] 	You are not running with administrator rights! This will work for
17:47:20  [main] 	most application stuff but whenever you do something with services
17:47:20  [main] 	there will be a security dialogue or things will break! So think 
17:47:20  [main] 	about running this application with administrator rights!
17:47:20  [main] 	XAMPP Installation Directory: "c:\xampp\"
17:47:21  [main] 	Checking for prerequisites
17:47:23  [main] 	All prerequisites found
17:47:23  [main] 	Initializing Modules
17:47:23  [main] 	Starting Check-Timer
17:47:23  [main] 	Control Panel Ready
17:47:28  [Apache] 	Attempting to start Apache app...
17:47:28  [Apache] 	Status change detected: running
17:47:28  [mysql] 	Attempting to start MySQL app...
17:47:29  [mysql] 	Status change detected: running
00:27:21  [main] 	Deinitializing Modules
00:27:21  [main] 	Deinitializing Control Panel

21:54:44  [main] 	Initializing Control Panel
21:54:44  [main] 	Windows Version:  Enterprise  64-bit
21:54:44  [main] 	XAMPP Version: 7.4.11
21:54:44  [main] 	Control Panel Version: 3.2.4  [ Compiled: Jun 5th 2019 ]
21:54:44  [main] 	You are not running with administrator rights! This will work for
21:54:44  [main] 	most application stuff but whenever you do something with services
21:54:44  [main] 	there will be a security dialogue or things will break! So think 
21:54:44  [main] 	about running this application with administrator rights!
21:54:44  [main] 	XAMPP Installation Directory: "c:\xampp\"
21:54:44  [main] 	Checking for prerequisites
21:54:47  [main] 	All prerequisites found
21:54:47  [main] 	Initializing Modules
21:54:47  [main] 	Starting Check-Timer
21:54:47  [main] 	Control Panel Ready
21:54:53  [Apache] 	Attempting to start Apache app...
21:54:53  [Apache] 	Status change detected: running
21:54:54  [mysql] 	Attempting to start MySQL app...
21:54:54  [mysql] 	Status change detected: running
00:35:54  [main] 	Deinitializing Modules
00:35:54  [main] 	Deinitializing Control Panel

12:11:50  [main] 	Initializing Control Panel
12:11:50  [main] 	Windows Version:  Enterprise  64-bit
12:11:50  [main] 	XAMPP Version: 7.4.11
12:11:50  [main] 	Control Panel Version: 3.2.4  [ Compiled: Jun 5th 2019 ]
12:11:50  [main] 	You are not running with administrator rights! This will work for
12:11:50  [main] 	most application stuff but whenever you do something with services
12:11:50  [main] 	there will be a security dialogue or things will break! So think 
12:11:50  [main] 	about running this application with administrator rights!
12:11:50  [main] 	XAMPP Installation Directory: "c:\xampp\"
12:11:50  [main] 	Checking for prerequisites
12:11:52  [main] 	All prerequisites found
12:11:52  [main] 	Initializing Modules
12:11:52  [main] 	Starting Check-Timer
12:11:52  [main] 	Control Panel Ready
12:11:54  [Apache] 	Attempting to start Apache app...
12:11:54  [Apache] 	Status change detected: running
12:11:55  [mysql] 	Attempting to start MySQL app...
12:11:55  [mysql] 	Status change detected: running
23:57:57  [main] 	Deinitializing Modules
23:57:57  [main] 	Deinitializing Control Panel

18:50:07  [main] 	Initializing Control Panel
18:50:07  [main] 	Windows Version:  Enterprise  64-bit
18:50:07  [main] 	XAMPP Version: 7.4.11
18:50:07  [main] 	Control Panel Version: 3.2.4  [ Compiled: Jun 5th 2019 ]
18:50:07  [main] 	You are not running with administrator rights! This will work for
18:50:07  [main] 	most application stuff but whenever you do something with services
18:50:07  [main] 	there will be a security dialogue or things will break! So think 
18:50:07  [main] 	about running this application with administrator rights!
18:50:07  [main] 	XAMPP Installation Directory: "c:\xampp\"
18:50:07  [main] 	Checking for prerequisites
18:50:09  [main] 	All prerequisites found
18:50:09  [main] 	Initializing Modules
18:50:09  [Apache] 	XAMPP Apache is already running on port 80
18:50:09  [Apache] 	XAMPP Apache is already running on port 443
18:50:09  [mysql] 	XAMPP MySQL is already running on port 3306
18:50:09  [main] 	Starting Check-Timer
18:50:09  [main] 	Control Panel Ready
23:39:36  [main] 	Deinitializing Modules
23:39:36  [main] 	Deinitializing Control Panel

10:58:46  [main] 	Initializing Control Panel
10:58:46  [main] 	Windows Version:  Enterprise  64-bit
10:58:46  [main] 	XAMPP Version: 7.4.11
10:58:46  [main] 	Control Panel Version: 3.2.4  [ Compiled: Jun 5th 2019 ]
10:58:46  [main] 	You are not running with administrator rights! This will work for
10:58:46  [main] 	most application stuff but whenever you do something with services
10:58:46  [main] 	there will be a security dialogue or things will break! So think 
10:58:46  [main] 	about running this application with administrator rights!
10:58:46  [main] 	XAMPP Installation Directory: "c:\xampp\"
10:58:46  [main] 	Checking for prerequisites
10:58:48  [main] 	All prerequisites found
10:58:48  [main] 	Initializing Modules
10:58:48  [main] 	Starting Check-Timer
10:58:48  [main] 	Control Panel Ready
10:59:11  [Apache] 	Attempting to start Apache app...
10:59:12  [Apache] 	Status change detected: running
10:59:12  [mysql] 	Attempting to start MySQL app...
10:59:13  [mysql] 	Status change detected: running
13:49:32  [main] 	Deinitializing Modules
13:49:32  [main] 	Deinitializing Control Panel

21:50:21  [main] 	Initializing Control Panel
21:50:21  [main] 	Windows Version:  Enterprise  64-bit
21:50:21  [main] 	XAMPP Version: 7.4.11
21:50:21  [main] 	Control Panel Version: 3.2.4  [ Compiled: Jun 5th 2019 ]
21:50:21  [main] 	You are not running with administrator rights! This will work for
21:50:21  [main] 	most application stuff but whenever you do something with services
21:50:21  [main] 	there will be a security dialogue or things will break! So think 
21:50:21  [main] 	about running this application with administrator rights!
21:50:21  [main] 	XAMPP Installation Directory: "c:\xampp\"
21:50:21  [main] 	Checking for prerequisites
21:50:24  [main] 	All prerequisites found
21:50:24  [main] 	Initializing Modules
21:50:24  [main] 	Starting Check-Timer
21:50:24  [main] 	Control Panel Ready
21:50:27  [Apache] 	Attempting to start Apache app...
21:50:27  [Apache] 	Status change detected: running
21:50:29  [mysql] 	Attempting to start MySQL app...
21:50:29  [mysql] 	Status change detected: running
00:33:04  [main] 	Deinitializing Modules
00:33:04  [main] 	Deinitializing Control Panel

10:43:09  [main] 	Initializing Control Panel
10:43:09  [main] 	Windows Version:  Enterprise  64-bit
10:43:09  [main] 	XAMPP Version: 7.4.11
10:43:09  [main] 	Control Panel Version: 3.2.4  [ Compiled: Jun 5th 2019 ]
10:43:09  [main] 	You are not running with administrator rights! This will work for
10:43:09  [main] 	most application stuff but whenever you do something with services
10:43:09  [main] 	there will be a security dialogue or things will break! So think 
10:43:09  [main] 	about running this application with administrator rights!
10:43:09  [main] 	XAMPP Installation Directory: "c:\xampp\"
10:43:09  [main] 	Checking for prerequisites
10:43:11  [main] 	All prerequisites found
10:43:11  [main] 	Initializing Modules
10:43:11  [main] 	Starting Check-Timer
10:43:11  [main] 	Control Panel Ready
10:43:13  [Apache] 	Attempting to start Apache app...
10:43:14  [Apache] 	Status change detected: running
10:43:15  [mysql] 	Attempting to start MySQL app...
10:43:15  [mysql] 	Status change detected: running
23:13:33  [main] 	Deinitializing Modules
23:13:33  [main] 	Deinitializing Control Panel

11:49:49  [main] 	Initializing Control Panel
11:49:49  [main] 	Windows Version:  Enterprise  64-bit
11:49:49  [main] 	XAMPP Version: 7.4.11
11:49:49  [main] 	Control Panel Version: 3.2.4  [ Compiled: Jun 5th 2019 ]
11:49:49  [main] 	You are not running with administrator rights! This will work for
11:49:49  [main] 	most application stuff but whenever you do something with services
11:49:49  [main] 	there will be a security dialogue or things will break! So think 
11:49:49  [main] 	about running this application with administrator rights!
11:49:49  [main] 	XAMPP Installation Directory: "c:\xampp\"
11:49:49  [main] 	Checking for prerequisites
11:50:11  [main] 	All prerequisites found
11:50:11  [main] 	Initializing Modules
11:50:11  [main] 	Starting Check-Timer
11:50:11  [main] 	Control Panel Ready
11:50:43  [Apache] 	Attempting to start Apache app...
11:50:43  [Apache] 	Status change detected: running
11:50:45  [mysql] 	Attempting to start MySQL app...
11:50:47  [mysql] 	Status change detected: running
15:24:48  [main] 	Deinitializing Modules
15:24:48  [main] 	Deinitializing Control Panel

11:17:01  [main] 	Initializing Control Panel
11:17:01  [main] 	Windows Version:  Enterprise  64-bit
11:17:02  [main] 	XAMPP Version: 7.4.11
11:17:02  [main] 	Control Panel Version: 3.2.4  [ Compiled: Jun 5th 2019 ]
11:17:02  [main] 	You are not running with administrator rights! This will work for
11:17:02  [main] 	most application stuff but whenever you do something with services
11:17:02  [main] 	there will be a security dialogue or things will break! So think 
11:17:02  [main] 	about running this application with administrator rights!
11:17:02  [main] 	XAMPP Installation Directory: "c:\xampp\"
11:17:02  [main] 	Checking for prerequisites
11:17:04  [main] 	All prerequisites found
11:17:04  [main] 	Initializing Modules
11:17:04  [main] 	Starting Check-Timer
11:17:04  [main] 	Control Panel Ready
11:17:12  [Apache] 	Attempting to start Apache app...
11:17:12  [Apache] 	Status change detected: running
11:17:13  [mysql] 	Attempting to start MySQL app...
11:17:13  [mysql] 	Status change detected: running
18:04:50  [main] 	Deinitializing Modules
18:04:50  [main] 	Deinitializing Control Panel

